<?xml version="1.0" encoding="UTF-8"?>
<!-- Generated by org.testng.reporters.JUnitReportReporter -->
<testsuite hostname="DESKTOP-24D0DDB" name="org.example.AppTest" tests="1" failures="0" timestamp="27 Jan 2023 07:11:37 GMT" time="0.004" errors="0">
  <testcase name="testApp" time="0.004" classname="org.example.AppTest"/>
</testsuite>
